#
# There is insufficient memory for the Java Runtime Environment to continue.
# Native memory allocation (mmap) failed to map 264241152 bytes for G1 virtual space
# Possible reasons:
#   The system is out of physical RAM or swap space
#   The process is running with CompressedOops enabled, and the Java Heap may be blocking the growth of the native heap
# Possible solutions:
#   Reduce memory load on the system
#   Increase physical memory or swap space
#   Check if swap backing store is full
#   Decrease Java heap size (-Xmx/-Xms)
#   Decrease number of Java threads
#   Decrease Java thread stack sizes (-Xss)
#   Set larger code cache with -XX:ReservedCodeCacheSize=
#   JVM is running with Zero Based Compressed Oops mode in which the Java heap is
#     placed in the first 32GB address space. The Java Heap base address is the
#     maximum limit for the native heap growth. Please use -XX:HeapBaseMinAddress
#     to set the Java Heap base and to place the Java Heap above 32GB virtual address.
# This output file may be truncated or incomplete.
#
#  Out of Memory Error (os_windows.cpp:3613), pid=84536, tid=100120
#
# JRE version:  (17.0.9+9) (build )
# Java VM: OpenJDK 64-Bit Server VM (17.0.9+9, mixed mode, sharing, tiered, compressed oops, compressed class ptrs, g1 gc, windows-amd64)
# No core dump will be written. Minidumps are not enabled by default on client versions of Windows
#

---------------  S U M M A R Y ------------

Command Line: -Dfile.encoding=UTF-8 -Dstdout.encoding=UTF-8 -Dstderr.encoding=UTF-8 -XX:+ShowCodeDetailsInExceptionMessages com.pitange.usuariodecarros.UsuariodecarrosApplication

Host: 11th Gen Intel(R) Core(TM) i7-1165G7 @ 2.80GHz, 8 cores, 15G,  Windows 10 , 64 bit Build 19041 (10.0.19041.3636)
Time: Sun Aug 25 12:39:41 2024 Hora oficial do Brasil elapsed time: 0.045243 seconds (0d 0h 0m 0s)

---------------  T H R E A D  ---------------

Current thread (0x000002152a26d460):  JavaThread "Unknown thread" [_thread_in_vm, id=100120, stack(0x000000e4fb800000,0x000000e4fb900000)]

Stack: [0x000000e4fb800000,0x000000e4fb900000]
Native frames: (J=compiled Java code, j=interpreted, Vv=VM code, C=native code)
V  [jvm.dll+0x67cf49]
V  [jvm.dll+0x83478a]
V  [jvm.dll+0x83624e]
V  [jvm.dll+0x8368b3]
V  [jvm.dll+0x247f1f]
V  [jvm.dll+0x679d69]
V  [jvm.dll+0x66e6ba]
V  [jvm.dll+0x307e5b]
V  [jvm.dll+0x30f306]
V  [jvm.dll+0x35f0ce]
V  [jvm.dll+0x35f2ff]
V  [jvm.dll+0x2dea58]
V  [jvm.dll+0x2df9c4]
V  [jvm.dll+0x806031]
V  [jvm.dll+0x36cf31]
V  [jvm.dll+0x7e4aac]
V  [jvm.dll+0x3f07af]
V  [jvm.dll+0x3f23e1]
C  [jli.dll+0x528f]
C  [ucrtbase.dll+0x21bb2]
C  [KERNEL32.DLL+0x17344]
C  [ntdll.dll+0x526b1]


---------------  P R O C E S S  ---------------

Threads class SMR info:
_java_thread_list=0x00007ffd80afee98, length=0, elements={
}

Java Threads: ( => current thread )

Other Threads:
  0x000002152a2b6930 GCTaskThread "GC Thread#0" [stack: 0x000000e4fb900000,0x000000e4fba00000] [id=100212]
  0x00000215461a94d0 ConcurrentGCThread "G1 Main Marker" [stack: 0x000000e4fba00000,0x000000e4fbb00000] [id=98560]
  0x00000215461aa2c0 ConcurrentGCThread "G1 Conc#0" [stack: 0x000000e4fbb00000,0x000000e4fbc00000] [id=7156]

[error occurred during error reporting (printing all threads), id 0xc0000005, EXCEPTION_ACCESS_VIOLATION (0xc0000005) at pc=0x00007ffd802bf497]

VM state: not at safepoint (not fully initialized)

VM Mutex/Monitor currently owned by a thread:  ([mutex/lock_event])
[0x000002152a269280] Heap_lock - owner thread: 0x000002152a26d460

Heap address: 0x0000000704400000, size: 4028 MB, Compressed Oops mode: Zero based, Oop shift amount: 3

CDS archive(s) mapped at: [0x0000000000000000-0x0000000000000000-0x0000000000000000), size 0, SharedBaseAddress: 0x0000000800000000, ArchiveRelocationMode: 1.
Narrow klass base: 0x0000000000000000, Narrow klass shift: 0, Narrow klass range: 0x0

GC Precious Log:
<Empty>

Heap:
 garbage-first heap   total 0K, used 0K [0x0000000704400000, 0x0000000800000000)
  region size 2048K, 0 young (0K), 0 survivors (0K)

[error occurred during error reporting (printing heap information), id 0xc0000005, EXCEPTION_ACCESS_VIOLATION (0xc0000005) at pc=0x00007ffd806a6c79]

GC Heap History (0 events):
No events

Dll operation events (1 events):
Event: 0.033 Loaded shared library C:\Users\fabiano.girardi.ext\.p2\pool\plugins\org.eclipse.justj.openjdk.hotspot.jre.full.win32.x86_64_17.0.9.v20231028-0858\jre\bin\java.dll

Deoptimization events (0 events):
No events

Classes unloaded (0 events):
No events

Classes redefined (0 events):
No events

Internal exceptions (0 events):
No events

VM Operations (0 events):
No events

Events (0 events):
No events


Dynamic libraries:
0x00007ff60c0e0000 - 0x00007ff60c0ee000 	C:\Users\fabiano.girardi.ext\.p2\pool\plugins\org.eclipse.justj.openjdk.hotspot.jre.full.win32.x86_64_17.0.9.v20231028-0858\jre\bin\javaw.exe
0x00007ffdf05f0000 - 0x00007ffdf07e8000 	C:\Windows\SYSTEM32\ntdll.dll
0x00007ffdee990000 - 0x00007ffdeea4d000 	C:\Windows\System32\KERNEL32.DLL
0x00007ffdee0d0000 - 0x00007ffdee3c6000 	C:\Windows\System32\KERNELBASE.dll
0x00007ffdedfd0000 - 0x00007ffdee0d0000 	C:\Windows\System32\ucrtbase.dll
0x00007ffde9100000 - 0x00007ffde9117000 	C:\Users\fabiano.girardi.ext\.p2\pool\plugins\org.eclipse.justj.openjdk.hotspot.jre.full.win32.x86_64_17.0.9.v20231028-0858\jre\bin\jli.dll
0x00007ffdbed80000 - 0x00007ffdbed9b000 	C:\Users\fabiano.girardi.ext\.p2\pool\plugins\org.eclipse.justj.openjdk.hotspot.jre.full.win32.x86_64_17.0.9.v20231028-0858\jre\bin\VCRUNTIME140.dll
0x00007ffdefa30000 - 0x00007ffdefbce000 	C:\Windows\System32\USER32.dll
0x00007ffdee3d0000 - 0x00007ffdee3f2000 	C:\Windows\System32\win32u.dll
0x00007ffdcecd0000 - 0x00007ffdcef6a000 	C:\Windows\WinSxS\amd64_microsoft.windows.common-controls_6595b64144ccf1df_6.0.19041.3636_none_60b6a03d71f818d5\COMCTL32.dll
0x00007ffdef370000 - 0x00007ffdef39c000 	C:\Windows\System32\GDI32.dll
0x00007ffdefc40000 - 0x00007ffdefcde000 	C:\Windows\System32\msvcrt.dll
0x00007ffdede40000 - 0x00007ffdedf5a000 	C:\Windows\System32\gdi32full.dll
0x00007ffdee400000 - 0x00007ffdee49d000 	C:\Windows\System32\msvcp_win.dll
0x00007ffdefa00000 - 0x00007ffdefa30000 	C:\Windows\System32\IMM32.DLL
0x00007ffd92850000 - 0x00007ffd92901000 	C:\Program Files\McAfee\Endpoint Security\Threat Prevention\Ips\EpMPApi.dll
0x00007ffdef870000 - 0x00007ffdef996000 	C:\Windows\System32\RPCRT4.dll
0x00007ffdf0500000 - 0x00007ffdf05af000 	C:\Windows\System32\ADVAPI32.dll
0x00007ffdee8f0000 - 0x00007ffdee98c000 	C:\Windows\System32\sechost.dll
0x00007ffdedf60000 - 0x00007ffdedfc7000 	C:\Windows\System32\WINTRUST.dll
0x00007ffdee4f0000 - 0x00007ffdee64d000 	C:\Windows\System32\CRYPT32.dll
0x00007ffded8a0000 - 0x00007ffded8b2000 	C:\Windows\SYSTEM32\MSASN1.dll
0x0000000063790000 - 0x000000006379c000 	C:\Program Files\McAfee\Endpoint Security\Threat Prevention\Ips\EpMPThe.dll
0x00007ffdaa460000 - 0x00007ffdaa517000 	C:\Program Files\Common Files\McAfee\SystemCore\mfehcinj.dll
0x00007ffdda890000 - 0x00007ffdda89f000 	C:\Program Files\Common Files\McAfee\SystemCore\mfehcthe.dll
0x00007ffdaa3e0000 - 0x00007ffdaa45f000 	C:\Program Files\McAfee\MAR\mvcairo_x64.dll
0x00007ffdf03d0000 - 0x00007ffdf04fb000 	C:\Windows\System32\ole32.dll
0x00007ffdef510000 - 0x00007ffdef864000 	C:\Windows\System32\combase.dll
0x00007ffdf0300000 - 0x00007ffdf03cd000 	C:\Windows\System32\OLEAUT32.dll
0x00007ffddf7d0000 - 0x00007ffddf7dc000 	C:\Users\fabiano.girardi.ext\.p2\pool\plugins\org.eclipse.justj.openjdk.hotspot.jre.full.win32.x86_64_17.0.9.v20231028-0858\jre\bin\vcruntime140_1.dll
0x00007ffdb5290000 - 0x00007ffdb531d000 	C:\Users\fabiano.girardi.ext\.p2\pool\plugins\org.eclipse.justj.openjdk.hotspot.jre.full.win32.x86_64_17.0.9.v20231028-0858\jre\bin\msvcp140.dll
0x00007ffd7ffd0000 - 0x00007ffd80c31000 	C:\Users\fabiano.girardi.ext\.p2\pool\plugins\org.eclipse.justj.openjdk.hotspot.jre.full.win32.x86_64_17.0.9.v20231028-0858\jre\bin\server\jvm.dll
0x00007ffded240000 - 0x00007ffded28b000 	C:\Windows\SYSTEM32\POWRPROF.dll
0x00007ffdc5020000 - 0x00007ffdc5029000 	C:\Windows\SYSTEM32\WSOCK32.dll
0x00007ffdef3a0000 - 0x00007ffdef40b000 	C:\Windows\System32\WS2_32.dll
0x00007ffdec0a0000 - 0x00007ffdec0c7000 	C:\Windows\SYSTEM32\WINMM.dll
0x00007ffde21b0000 - 0x00007ffde21ba000 	C:\Windows\SYSTEM32\VERSION.dll
0x00007ffded0b0000 - 0x00007ffded0c2000 	C:\Windows\SYSTEM32\UMPDC.dll
0x00007ffdec310000 - 0x00007ffdec322000 	C:\Windows\SYSTEM32\kernel.appcore.dll
0x00007ffdeaab0000 - 0x00007ffdeaaba000 	C:\Users\fabiano.girardi.ext\.p2\pool\plugins\org.eclipse.justj.openjdk.hotspot.jre.full.win32.x86_64_17.0.9.v20231028-0858\jre\bin\jimage.dll
0x00007ffdebe70000 - 0x00007ffdec054000 	C:\Windows\SYSTEM32\DBGHELP.DLL
0x00007ffdec060000 - 0x00007ffdec094000 	C:\Windows\SYSTEM32\dbgcore.DLL
0x00007ffdedcd0000 - 0x00007ffdedd52000 	C:\Windows\System32\bcryptPrimitives.dll
0x00007ffde32b0000 - 0x00007ffde32d5000 	C:\Users\fabiano.girardi.ext\.p2\pool\plugins\org.eclipse.justj.openjdk.hotspot.jre.full.win32.x86_64_17.0.9.v20231028-0858\jre\bin\java.dll

dbghelp: loaded successfully - version: 4.0.5 - missing functions: none
symbol engine: initialized successfully - sym options: 0x614 - pdb path: .;C:\Users\fabiano.girardi.ext\.p2\pool\plugins\org.eclipse.justj.openjdk.hotspot.jre.full.win32.x86_64_17.0.9.v20231028-0858\jre\bin;C:\Windows\SYSTEM32;C:\Windows\WinSxS\amd64_microsoft.windows.common-controls_6595b64144ccf1df_6.0.19041.3636_none_60b6a03d71f818d5;C:\Program Files\McAfee\Endpoint Security\Threat Prevention\Ips;C:\Program Files\Common Files\McAfee\SystemCore;C:\Program Files\McAfee\MAR;C:\Users\fabiano.girardi.ext\.p2\pool\plugins\org.eclipse.justj.openjdk.hotspot.jre.full.win32.x86_64_17.0.9.v20231028-0858\jre\bin\server

VM Arguments:
jvm_args: -Dfile.encoding=UTF-8 -Dstdout.encoding=UTF-8 -Dstderr.encoding=UTF-8 -XX:+ShowCodeDetailsInExceptionMessages 
java_command: com.pitange.usuariodecarros.UsuariodecarrosApplication
java_class_path (initial): C:\private\Pitang\PitangDesafio\backEnd\usuariodecarros\target\classes;C:\Users\fabiano.girardi.ext\.m2\repository\org\springframework\boot\spring-boot-starter-data-jpa\3.2.5\spring-boot-starter-data-jpa-3.2.5.jar;C:\Users\fabiano.girardi.ext\.m2\repository\org\springframework\boot\spring-boot-starter-aop\3.2.5\spring-boot-starter-aop-3.2.5.jar;C:\Users\fabiano.girardi.ext\.m2\repository\org\aspectj\aspectjweaver\1.9.22\aspectjweaver-1.9.22.jar;C:\Users\fabiano.girardi.ext\.m2\repository\org\springframework\boot\spring-boot-starter-jdbc\3.2.5\spring-boot-starter-jdbc-3.2.5.jar;C:\Users\fabiano.girardi.ext\.m2\repository\com\zaxxer\HikariCP\5.0.1\HikariCP-5.0.1.jar;C:\Users\fabiano.girardi.ext\.m2\repository\org\springframework\spring-jdbc\6.1.6\spring-jdbc-6.1.6.jar;C:\Users\fabiano.girardi.ext\.m2\repository\org\hibernate\orm\hibernate-core\6.4.4.Final\hibernate-core-6.4.4.Final.jar;C:\Users\fabiano.girardi.ext\.m2\repository\jakarta\persistence\jakarta.persistence-api\3.1.0\jakarta.persistence-api-3.1.0.jar;C:\Users\fabiano.girardi.ext\.m2\repository\jakarta\transaction\jakarta.transaction-api\2.0.1\jakarta.transaction-api-2.0.1.jar;C:\Users\fabiano.girardi.ext\.m2\repository\org\hibernate\common\hibernate-commons-annotations\6.0.6.Final\hibernate-commons-annotations-6.0.6.Final.jar;C:\Users\fabiano.girardi.ext\.m2\repository\io\smallrye\jandex\3.1.2\jandex-3.1.2.jar;C:\Users\fabiano.girardi.ext\.m2\repository\net\bytebuddy\byte-buddy\1.14.13\byte-buddy-1.14.13.jar;C:\Users\fabiano.girardi.ext\.m2\repository\jakarta\inject\jakarta.inject-api\2.0.1\jakarta.inject-api-2.0.1.jar;C:\Users\fabiano.girardi.ext\.m2\repository\org\antlr\antlr4-runtime\4.13.0\antlr4-runtime-4.13.0.jar;C:\Users\fabiano.girardi.ext\.m2\repository\org\springframework\data\spring-data-jpa\3.2.5\spring-data-jpa-3.2.5.jar;C:\Users\fabiano.girardi.ext\.m2\repository\org\springframework\data\spring-data-commons\3.2.5\spring-data-commons-3.2.5.jar;C:\Users\fabiano.girar
Launcher Type: SUN_STANDARD

[Global flags]
     intx CICompilerCount                          = 4                                         {product} {ergonomic}
     uint ConcGCThreads                            = 2                                         {product} {ergonomic}
     uint G1ConcRefinementThreads                  = 8                                         {product} {ergonomic}
   size_t G1HeapRegionSize                         = 2097152                                   {product} {ergonomic}
    uintx GCDrainStackTargetSize                   = 64                                        {product} {ergonomic}
   size_t InitialHeapSize                          = 264241152                                 {product} {ergonomic}
   size_t MarkStackSize                            = 4194304                                   {product} {ergonomic}
   size_t MaxHeapSize                              = 4223664128                                {product} {ergonomic}
   size_t MinHeapDeltaBytes                        = 2097152                                   {product} {ergonomic}
   size_t MinHeapSize                              = 8388608                                   {product} {ergonomic}
    uintx NonNMethodCodeHeapSize                   = 5839372                                {pd product} {ergonomic}
    uintx NonProfiledCodeHeapSize                  = 122909434                              {pd product} {ergonomic}
    uintx ProfiledCodeHeapSize                     = 122909434                              {pd product} {ergonomic}
    uintx ReservedCodeCacheSize                    = 251658240                              {pd product} {ergonomic}
     bool SegmentedCodeCache                       = true                                      {product} {ergonomic}
     bool ShowCodeDetailsInExceptionMessages       = true                                   {manageable} {command line}
   size_t SoftMaxHeapSize                          = 4223664128                             {manageable} {ergonomic}
     bool UseCompressedClassPointers               = true                           {product lp64_product} {ergonomic}
     bool UseCompressedOops                        = true                           {product lp64_product} {ergonomic}
     bool UseG1GC                                  = true                                      {product} {ergonomic}
     bool UseLargePagesIndividualAllocation        = false                                  {pd product} {ergonomic}

Logging:
Log output configuration:
 #0: stdout all=warning uptime,level,tags
 #1: stderr all=off uptime,level,tags

Environment Variables:
JAVA_HOME=C:\Program Files\Java\jdk1.8.0_202
PATH=C:/Users/fabiano.girardi.ext/.p2/pool/plugins/org.eclipse.justj.openjdk.hotspot.jre.full.win32.x86_64_17.0.9.v20231028-0858/jre/bin/server;C:/Users/fabiano.girardi.ext/.p2/pool/plugins/org.eclipse.justj.openjdk.hotspot.jre.full.win32.x86_64_17.0.9.v20231028-0858/jre/bin;C:\Program Files (x86)\Common Files\Oracle\Java\javapath;C:\Windows\system32;C:\Windows;C:\Windows\System32\Wbem;C:\Windows\System32\WindowsPowerShell\v1.0\;C:\Windows\System32\OpenSSH\;C:\Program Files\dotnet\;C:\Program Files (x86)\NVIDIA Corporation\PhysX\Common;C:\Program Files\nodejs\;C:\Program Files (x86)\Microsoft SQL Server\160\DTS\Binn\;C:\Program Files\Azure Data Studio\bin;C:\Program Files\Git\cmd;C:\Program Files\Microsoft SQL Server\150\Tools\Binn\;C:\Program Files\Microsoft SQL Server\130\Tools\Binn\;C:\Program Files\Perforce\;C:\Users\fabiano.girardi.ext\AppData\Roaming\npm;C:\Program Files\Java\jdk1.8.0_202\bin;C:\Program Files\apache-maven-3.6.0\bin;C:\Program Files\Go\bin;C:\Program Files\Amazon\AWSCLIV2\;C:\Program Files\Microsoft SQL Server\Client SDK\ODBC\170\Tools\Binn\;C:\Users\fabiano.girardi.ext\AppData\Local\Microsoft\WindowsApps;;C:\Users\fabiano.girardi.ext\AppData\Local\Programs\Microsoft VS Code\bin;C:\Users\fabiano.girardi.ext\.dotnet\tools;C:\Users\fabiano.girardi.ext\go\bin;C:\Windows\system32;
USERNAME=fabiano.girardi.ext
OS=Windows_NT
PROCESSOR_IDENTIFIER=Intel64 Family 6 Model 140 Stepping 1, GenuineIntel
TMP=C:\Users\fabiano.girardi.ext\AppData\Local\Temp
TEMP=C:\Users\fabiano.girardi.ext\AppData\Local\Temp



Periodic native trim disabled


---------------  S Y S T E M  ---------------

OS:
 Windows 10 , 64 bit Build 19041 (10.0.19041.3636)
OS uptime: 5 days 20:01 hours
Hyper-V role detected

CPU: total 8 (initial active 8) (4 cores per cpu, 2 threads per core) family 6 model 140 stepping 1 microcode 0xac, cx8, cmov, fxsr, ht, mmx, 3dnowpref, sse, sse2, sse3, ssse3, sse4.1, sse4.2, popcnt, lzcnt, tsc, tscinvbit, avx, avx2, aes, erms, clmul, bmi1, bmi2, adx, avx512f, avx512dq, avx512cd, avx512bw, avx512vl, sha, fma, vzeroupper, avx512_vpopcntdq, avx512_vpclmulqdq, avx512_vaes, avx512_vnni, clflush, clflushopt, clwb, avx512_vbmi2, avx512_vbmi, hv
Processor Information for all 8 processors :
  Max Mhz: 1690, Current Mhz: 1690, Mhz Limit: 1690

Memory: 4k page, system-wide physical 16110M (1967M free)
TotalPageFile size 44141M (AvailPageFile size 58M)
current process WorkingSet (physical memory assigned to process): 14M, peak: 14M
current process commit charge ("private bytes"): 62M, peak: 314M

vm_info: OpenJDK 64-Bit Server VM (17.0.9+9) for windows-amd64 JRE (17.0.9+9), built on Oct 26 2023 14:01:42 by "admin" with MS VC++ 16.10 / 16.11 (VS2019)

END.
