#
# There is insufficient memory for the Java Runtime Environment to continue.
# Native memory allocation (mmap) failed to map 65536 bytes for Failed to commit metaspace.
# Possible reasons:
#   The system is out of physical RAM or swap space
#   The process is running with CompressedOops enabled, and the Java Heap may be blocking the growth of the native heap
# Possible solutions:
#   Reduce memory load on the system
#   Increase physical memory or swap space
#   Check if swap backing store is full
#   Decrease Java heap size (-Xmx/-Xms)
#   Decrease number of Java threads
#   Decrease Java thread stack sizes (-Xss)
#   Set larger code cache with -XX:ReservedCodeCacheSize=
#   JVM is running with Zero Based Compressed Oops mode in which the Java heap is
#     placed in the first 32GB address space. The Java Heap base address is the
#     maximum limit for the native heap growth. Please use -XX:HeapBaseMinAddress
#     to set the Java Heap base and to place the Java Heap above 32GB virtual address.
# This output file may be truncated or incomplete.
#
#  Out of Memory Error (virtualSpaceNode.cpp:110), pid=98064, tid=96192
#
# JRE version: OpenJDK Runtime Environment Temurin-17.0.9+9 (17.0.9+9) (build 17.0.9+9)
# Java VM: OpenJDK 64-Bit Server VM Temurin-17.0.9+9 (17.0.9+9, mixed mode, tiered, compressed oops, compressed class ptrs, g1 gc, windows-amd64)
# No core dump will be written. Minidumps are not enabled by default on client versions of Windows
#

---------------  S U M M A R Y ------------

Command Line: -Dfile.encoding=UTF-8 -Dstdout.encoding=UTF-8 -Dstderr.encoding=UTF-8 -XX:+ShowCodeDetailsInExceptionMessages com.pitange.usuariodecarros.UsuariodecarrosApplication

Host: 11th Gen Intel(R) Core(TM) i7-1165G7 @ 2.80GHz, 8 cores, 15G,  Windows 10 , 64 bit Build 19041 (10.0.19041.3636)
Time: Sat Aug 24 16:53:21 2024 Hora oficial do Brasil elapsed time: 0.200490 seconds (0d 0h 0m 0s)

---------------  T H R E A D  ---------------

Current thread (0x0000020c9c88c9a0):  JavaThread "main" [_thread_in_vm, id=96192, stack(0x000000b8f5600000,0x000000b8f5700000)]

Stack: [0x000000b8f5600000,0x000000b8f5700000]
Native frames: (J=compiled Java code, j=interpreted, Vv=VM code, C=native code)
V  [jvm.dll+0x67cf49]
V  [jvm.dll+0x83478a]
V  [jvm.dll+0x83624e]
V  [jvm.dll+0x8368b3]
V  [jvm.dll+0x247f1f]
V  [jvm.dll+0x83044b]
V  [jvm.dll+0x621776]
V  [jvm.dll+0x6217da]
V  [jvm.dll+0x62400a]
V  [jvm.dll+0x622116]
V  [jvm.dll+0x62c007]
V  [jvm.dll+0x1ebfdb]
V  [jvm.dll+0x1ec515]
V  [jvm.dll+0x1ecfd0]
V  [jvm.dll+0x1e23d1]
V  [jvm.dll+0x54305e]
V  [jvm.dll+0x1f2e27]
V  [jvm.dll+0x7adb8b]
V  [jvm.dll+0x7aef5c]
V  [jvm.dll+0x7af2a8]
V  [jvm.dll+0x2401ee]
V  [jvm.dll+0x386310]
C  0x0000020ca743bd18

The last pc belongs to instanceof (printed below).
Java frames: (J=compiled Java code, j=interpreted, Vv=VM code)
j  java.security.Permissions.add(Ljava/security/Permission;)V+42 java.base@17.0.9
j  sun.security.util.LazyCodeSourcePermissionCollection.add(Ljava/security/Permission;)V+22 java.base@17.0.9
j  jdk.internal.loader.ClassLoaders$AppClassLoader.getPermissions(Ljava/security/CodeSource;)Ljava/security/PermissionCollection;+16 java.base@17.0.9
j  java.security.SecureClassLoader$1.apply(Ljava/security/SecureClassLoader$CodeSourceKey;)Ljava/security/ProtectionDomain;+8 java.base@17.0.9
j  java.security.SecureClassLoader$1.apply(Ljava/lang/Object;)Ljava/lang/Object;+5 java.base@17.0.9
j  java.util.concurrent.ConcurrentHashMap.computeIfAbsent(Ljava/lang/Object;Ljava/util/function/Function;)Ljava/lang/Object;+115 java.base@17.0.9
j  java.security.SecureClassLoader.getProtectionDomain(Ljava/security/CodeSource;)Ljava/security/ProtectionDomain;+29 java.base@17.0.9
j  java.security.SecureClassLoader.defineClass(Ljava/lang/String;[BIILjava/security/CodeSource;)Ljava/lang/Class;+9 java.base@17.0.9
j  jdk.internal.loader.BuiltinClassLoader.defineClass(Ljava/lang/String;Ljdk/internal/loader/Resource;)Ljava/lang/Class;+117 java.base@17.0.9
j  jdk.internal.loader.BuiltinClassLoader.findClassOnClassPathOrNull(Ljava/lang/String;)Ljava/lang/Class;+37 java.base@17.0.9
j  jdk.internal.loader.BuiltinClassLoader.loadClassOrNull(Ljava/lang/String;Z)Ljava/lang/Class;+111 java.base@17.0.9
j  jdk.internal.loader.BuiltinClassLoader.loadClass(Ljava/lang/String;Z)Ljava/lang/Class;+3 java.base@17.0.9
j  jdk.internal.loader.ClassLoaders$AppClassLoader.loadClass(Ljava/lang/String;Z)Ljava/lang/Class;+36 java.base@17.0.9
j  java.lang.ClassLoader.loadClass(Ljava/lang/String;)Ljava/lang/Class;+3 java.base@17.0.9
v  ~StubRoutines::call_stub
j  java.lang.Class.forName0(Ljava/lang/String;ZLjava/lang/ClassLoader;Ljava/lang/Class;)Ljava/lang/Class;+0 java.base@17.0.9
j  java.lang.Class.forName(Ljava/lang/String;ZLjava/lang/ClassLoader;)Ljava/lang/Class;+43 java.base@17.0.9
j  sun.launcher.LauncherHelper.loadMainClass(ILjava/lang/String;)Ljava/lang/Class;+95 java.base@17.0.9
j  sun.launcher.LauncherHelper.checkAndLoadMain(ZILjava/lang/String;)Ljava/lang/Class;+42 java.base@17.0.9
v  ~StubRoutines::call_stub
instanceof  193 instanceof  [0x0000020ca743bca0, 0x0000020ca743bf00]  608 bytes
[MachCode]
  0x0000020ca743bca0: 5848 85c0 | 0f84 0902 | 0000 488b | 4de8 488b | 4908 488b | 4908 488b | 5108 410f | b75d 010f 
  0x0000020ca743bcc0: cbc1 eb10 | 807c 1a04 | 070f 84c8 | 0000 0050 | e805 0000 | 00e9 9800 | 0000 488d | 4424 084c 
  0x0000020ca743bce0: 896d c049 | 8bcf c5f8 | 7749 89af | a802 0000 | 4989 8798 | 0200 0048 | 83ec 20f7 | c40f 0000 
  0x0000020ca743bd00: 000f 841a | 0000 0048 | 83ec 0849 | ba30 621b | 4efd 7f00 | 0041 ffd2 | 4883 c408 | e90d 0000 
  0x0000020ca743bd20: 0049 ba30 | 621b 4efd | 7f00 0041 | ffd2 4883 | c420 49c7 | 8798 0200 | 0000 0000 | 0049 c787 
  0x0000020ca743bd40: a802 0000 | 0000 0000 | 49c7 87a0 | 0200 0000 | 0000 00c5 | f877 4981 | 7f08 0000 | 0000 0f84 
  0x0000020ca743bd60: 0500 0000 | e997 51fe | ff4c 8b6d | c04c 8b75 | c8c3 498b | 87f8 0200 | 0049 c787 | f802 0000 
  0x0000020ca743bd80: 0000 0000 | 5a8b 5208 | 49ba 0000 | 0000 0800 | 0000 4903 | d2eb 1e8b | 5008 49ba | 0000 0000 
  0x0000020ca743bda0: 0800 0000 | 4903 d266 | 8b5c d948 | 488b 4928 | 488b 44d9 | 0848 8b4d | d848 85c9 | 0f84 8a00 
  0x0000020ca743bdc0: 0000 488b | 7918 483b | fa0f 850f | 0000 0048 | 8341 2001 | 4883 5920 | 00e9 6600 | 0000 4885 
  0x0000020ca743bde0: ff0f 8437 | 0000 0048 | 8b79 2848 | 3bfa 0f85 | 0f00 0000 | 4883 4130 | 0148 8359 | 3000 e941 
  0x0000020ca743be00: 0000 0048 | 85ff 0f85 | 3800 0000 | 4889 5128 | bf01 0000 | 0048 8979 | 30e9 2600 | 0000 483b 
  0x0000020ca743be20: 5128 0f85 | 0f00 0000 | 4883 4130 | 0148 8359 | 3000 e90d | 0000 0048 | 8951 18bf | 0100 0000 
  0x0000020ca743be40: 4889 7920 | 4883 c138 | 4889 4dd8 | 483b d00f | 8454 0000 | 008b 4814 | 483b 040a | 0f84 4700 
  0x0000020ca743be60: 0000 83f9 | 200f 851d | 0000 0057 | 488b 7a28 | 8b0f 4883 | c708 4885 | c0f2 48af | 5f75 0948 
  0x0000020ca743be80: 8942 20e9 | 2100 0000 | 488b 4dd8 | 4885 c90f | 8410 0000 | 0048 8341 | d0ff 0f88 | 0500 0000 
  0x0000020ca743bea0: 4883 41d0 | 0133 c0eb | 23b8 0100 | 0000 e919 | 0000 0048 | 8b4d d848 | 85c9 0f84 | 0c00 0000 
  0x0000020ca743bec0: 8049 0101 | 4883 c138 | 4889 4dd8 | 410f b65d | 0349 83c5 | 0349 ba90 | 7a9d 4efd | 7f00 0041 
  0x0000020ca743bee0: ff24 da0f | 1f44 0000 | 0000 0000 | 0000 0000 | 0000 0000 | 0000 0000 | 0000 0000 | 0000 0000 
[/MachCode]

---------------  P R O C E S S  ---------------

Threads class SMR info:
_java_thread_list=0x0000020cbb4bc0a0, length=12, elements={
0x0000020c9c88c9a0, 0x0000020cbb2bcf60, 0x0000020cbb2bd830, 0x0000020cbb30d430,
0x0000020cbb30dd00, 0x0000020cbb31d890, 0x0000020cbb325f40, 0x0000020cbb3345e0,
0x0000020cbb334ef0, 0x0000020cbb3463d0, 0x0000020cbb325010, 0x0000020cbb324b00
}

Java Threads: ( => current thread )
=>0x0000020c9c88c9a0 JavaThread "main" [_thread_in_vm, id=96192, stack(0x000000b8f5600000,0x000000b8f5700000)]
  0x0000020cbb2bcf60 JavaThread "Reference Handler" daemon [_thread_blocked, id=92964, stack(0x000000b8f5d00000,0x000000b8f5e00000)]
  0x0000020cbb2bd830 JavaThread "Finalizer" daemon [_thread_blocked, id=98164, stack(0x000000b8f5e00000,0x000000b8f5f00000)]
  0x0000020cbb30d430 JavaThread "Signal Dispatcher" daemon [_thread_blocked, id=51580, stack(0x000000b8f5f00000,0x000000b8f6000000)]
  0x0000020cbb30dd00 JavaThread "Attach Listener" daemon [_thread_blocked, id=94060, stack(0x000000b8f6000000,0x000000b8f6100000)]
  0x0000020cbb31d890 JavaThread "Service Thread" daemon [_thread_blocked, id=67380, stack(0x000000b8f6100000,0x000000b8f6200000)]
  0x0000020cbb325f40 JavaThread "Monitor Deflation Thread" daemon [_thread_blocked, id=84564, stack(0x000000b8f6200000,0x000000b8f6300000)]
  0x0000020cbb3345e0 JavaThread "C2 CompilerThread0" daemon [_thread_blocked, id=96884, stack(0x000000b8f6300000,0x000000b8f6400000)]
  0x0000020cbb334ef0 JavaThread "C1 CompilerThread0" daemon [_thread_blocked, id=97324, stack(0x000000b8f6400000,0x000000b8f6500000)]
  0x0000020cbb3463d0 JavaThread "Sweeper thread" daemon [_thread_blocked, id=61784, stack(0x000000b8f6500000,0x000000b8f6600000)]
  0x0000020cbb325010 JavaThread "Notification Thread" daemon [_thread_blocked, id=94988, stack(0x000000b8f6600000,0x000000b8f6700000)]
  0x0000020cbb324b00 JavaThread "Common-Cleaner" daemon [_thread_blocked, id=88812, stack(0x000000b8f6800000,0x000000b8f6900000)]

Other Threads:
  0x0000020cbb2eec40 VMThread "VM Thread" [stack: 0x000000b8f5c00000,0x000000b8f5d00000] [id=73168]
  0x0000020cbb49d880 WatcherThread [stack: 0x000000b8f6700000,0x000000b8f6800000] [id=80376]
  0x0000020cb87c0860 GCTaskThread "GC Thread#0" [stack: 0x000000b8f5700000,0x000000b8f5800000] [id=78008]
  0x0000020cb87cccb0 ConcurrentGCThread "G1 Main Marker" [stack: 0x000000b8f5800000,0x000000b8f5900000] [id=60208]
  0x0000020c9c8dc7e0 ConcurrentGCThread "G1 Conc#0" [stack: 0x000000b8f5900000,0x000000b8f5a00000] [id=94308]
  0x0000020cb889e820 ConcurrentGCThread "G1 Refine#0" [stack: 0x000000b8f5a00000,0x000000b8f5b00000] [id=91876]
  0x0000020cb88a1070 ConcurrentGCThread "G1 Service" [stack: 0x000000b8f5b00000,0x000000b8f5c00000] [id=87852]

Threads with active compile tasks:

VM state: not at safepoint (normal execution)

VM Mutex/Monitor currently owned by a thread:  ([mutex/lock_event])
[0x0000020c9c887a40] Metaspace_lock - owner thread: 0x0000020c9c88c9a0

Heap address: 0x0000000704400000, size: 4028 MB, Compressed Oops mode: Zero based, Oop shift amount: 3

CDS archive(s) not mapped
Compressed class space mapped at: 0x0000000800000000-0x0000000840000000, reserved size: 1073741824
Narrow klass base: 0x0000000800000000, Narrow klass shift: 0, Narrow klass range: 0x40000000

GC Precious Log:
 CPUs: 8 total, 8 available
 Memory: 16110M
 Large Page Support: Disabled
 NUMA Support: Disabled
 Compressed Oops: Enabled (Zero based)
 Heap Region Size: 2M
 Heap Min Capacity: 8M
 Heap Initial Capacity: 252M
 Heap Max Capacity: 4028M
 Pre-touch: Disabled
 Parallel Workers: 8
 Concurrent Workers: 2
 Concurrent Refinement Workers: 8
 Periodic GC: Disabled

Heap:
 garbage-first heap   total 258048K, used 0K [0x0000000704400000, 0x0000000800000000)
  region size 2048K, 1 young (2048K), 0 survivors (0K)
 Metaspace       used 3758K, committed 3776K, reserved 1114112K
  class space    used 302K, committed 320K, reserved 1048576K

Heap Regions: E=young(eden), S=young(survivor), O=old, HS=humongous(starts), HC=humongous(continues), CS=collection set, F=free, OA=open archive, CA=closed archive, TAMS=top-at-mark-start (previous, next)
|   0|0x0000000704400000, 0x0000000704400000, 0x0000000704600000|  0%| F|  |TAMS 0x0000000704400000, 0x0000000704400000| Untracked 
|   1|0x0000000704600000, 0x0000000704600000, 0x0000000704800000|  0%| F|  |TAMS 0x0000000704600000, 0x0000000704600000| Untracked 
|   2|0x0000000704800000, 0x0000000704800000, 0x0000000704a00000|  0%| F|  |TAMS 0x0000000704800000, 0x0000000704800000| Untracked 
|   3|0x0000000704a00000, 0x0000000704a00000, 0x0000000704c00000|  0%| F|  |TAMS 0x0000000704a00000, 0x0000000704a00000| Untracked 
|   4|0x0000000704c00000, 0x0000000704c00000, 0x0000000704e00000|  0%| F|  |TAMS 0x0000000704c00000, 0x0000000704c00000| Untracked 
|   5|0x0000000704e00000, 0x0000000704e00000, 0x0000000705000000|  0%| F|  |TAMS 0x0000000704e00000, 0x0000000704e00000| Untracked 
|   6|0x0000000705000000, 0x0000000705000000, 0x0000000705200000|  0%| F|  |TAMS 0x0000000705000000, 0x0000000705000000| Untracked 
|   7|0x0000000705200000, 0x0000000705200000, 0x0000000705400000|  0%| F|  |TAMS 0x0000000705200000, 0x0000000705200000| Untracked 
|   8|0x0000000705400000, 0x0000000705400000, 0x0000000705600000|  0%| F|  |TAMS 0x0000000705400000, 0x0000000705400000| Untracked 
|   9|0x0000000705600000, 0x0000000705600000, 0x0000000705800000|  0%| F|  |TAMS 0x0000000705600000, 0x0000000705600000| Untracked 
|  10|0x0000000705800000, 0x0000000705800000, 0x0000000705a00000|  0%| F|  |TAMS 0x0000000705800000, 0x0000000705800000| Untracked 
|  11|0x0000000705a00000, 0x0000000705a00000, 0x0000000705c00000|  0%| F|  |TAMS 0x0000000705a00000, 0x0000000705a00000| Untracked 
|  12|0x0000000705c00000, 0x0000000705c00000, 0x0000000705e00000|  0%| F|  |TAMS 0x0000000705c00000, 0x0000000705c00000| Untracked 
|  13|0x0000000705e00000, 0x0000000705e00000, 0x0000000706000000|  0%| F|  |TAMS 0x0000000705e00000, 0x0000000705e00000| Untracked 
|  14|0x0000000706000000, 0x0000000706000000, 0x0000000706200000|  0%| F|  |TAMS 0x0000000706000000, 0x0000000706000000| Untracked 
|  15|0x0000000706200000, 0x0000000706200000, 0x0000000706400000|  0%| F|  |TAMS 0x0000000706200000, 0x0000000706200000| Untracked 
|  16|0x0000000706400000, 0x0000000706400000, 0x0000000706600000|  0%| F|  |TAMS 0x0000000706400000, 0x0000000706400000| Untracked 
|  17|0x0000000706600000, 0x0000000706600000, 0x0000000706800000|  0%| F|  |TAMS 0x0000000706600000, 0x0000000706600000| Untracked 
|  18|0x0000000706800000, 0x0000000706800000, 0x0000000706a00000|  0%| F|  |TAMS 0x0000000706800000, 0x0000000706800000| Untracked 
|  19|0x0000000706a00000, 0x0000000706a00000, 0x0000000706c00000|  0%| F|  |TAMS 0x0000000706a00000, 0x0000000706a00000| Untracked 
|  20|0x0000000706c00000, 0x0000000706c00000, 0x0000000706e00000|  0%| F|  |TAMS 0x0000000706c00000, 0x0000000706c00000| Untracked 
|  21|0x0000000706e00000, 0x0000000706e00000, 0x0000000707000000|  0%| F|  |TAMS 0x0000000706e00000, 0x0000000706e00000| Untracked 
|  22|0x0000000707000000, 0x0000000707000000, 0x0000000707200000|  0%| F|  |TAMS 0x0000000707000000, 0x0000000707000000| Untracked 
|  23|0x0000000707200000, 0x0000000707200000, 0x0000000707400000|  0%| F|  |TAMS 0x0000000707200000, 0x0000000707200000| Untracked 
|  24|0x0000000707400000, 0x0000000707400000, 0x0000000707600000|  0%| F|  |TAMS 0x0000000707400000, 0x0000000707400000| Untracked 
|  25|0x0000000707600000, 0x0000000707600000, 0x0000000707800000|  0%| F|  |TAMS 0x0000000707600000, 0x0000000707600000| Untracked 
|  26|0x0000000707800000, 0x0000000707800000, 0x0000000707a00000|  0%| F|  |TAMS 0x0000000707800000, 0x0000000707800000| Untracked 
|  27|0x0000000707a00000, 0x0000000707a00000, 0x0000000707c00000|  0%| F|  |TAMS 0x0000000707a00000, 0x0000000707a00000| Untracked 
|  28|0x0000000707c00000, 0x0000000707c00000, 0x0000000707e00000|  0%| F|  |TAMS 0x0000000707c00000, 0x0000000707c00000| Untracked 
|  29|0x0000000707e00000, 0x0000000707e00000, 0x0000000708000000|  0%| F|  |TAMS 0x0000000707e00000, 0x0000000707e00000| Untracked 
|  30|0x0000000708000000, 0x0000000708000000, 0x0000000708200000|  0%| F|  |TAMS 0x0000000708000000, 0x0000000708000000| Untracked 
|  31|0x0000000708200000, 0x0000000708200000, 0x0000000708400000|  0%| F|  |TAMS 0x0000000708200000, 0x0000000708200000| Untracked 
|  32|0x0000000708400000, 0x0000000708400000, 0x0000000708600000|  0%| F|  |TAMS 0x0000000708400000, 0x0000000708400000| Untracked 
|  33|0x0000000708600000, 0x0000000708600000, 0x0000000708800000|  0%| F|  |TAMS 0x0000000708600000, 0x0000000708600000| Untracked 
|  34|0x0000000708800000, 0x0000000708800000, 0x0000000708a00000|  0%| F|  |TAMS 0x0000000708800000, 0x0000000708800000| Untracked 
|  35|0x0000000708a00000, 0x0000000708a00000, 0x0000000708c00000|  0%| F|  |TAMS 0x0000000708a00000, 0x0000000708a00000| Untracked 
|  36|0x0000000708c00000, 0x0000000708c00000, 0x0000000708e00000|  0%| F|  |TAMS 0x0000000708c00000, 0x0000000708c00000| Untracked 
|  37|0x0000000708e00000, 0x0000000708e00000, 0x0000000709000000|  0%| F|  |TAMS 0x0000000708e00000, 0x0000000708e00000| Untracked 
|  38|0x0000000709000000, 0x0000000709000000, 0x0000000709200000|  0%| F|  |TAMS 0x0000000709000000, 0x0000000709000000| Untracked 
|  39|0x0000000709200000, 0x0000000709200000, 0x0000000709400000|  0%| F|  |TAMS 0x0000000709200000, 0x0000000709200000| Untracked 
|  40|0x0000000709400000, 0x0000000709400000, 0x0000000709600000|  0%| F|  |TAMS 0x0000000709400000, 0x0000000709400000| Untracked 
|  41|0x0000000709600000, 0x0000000709600000, 0x0000000709800000|  0%| F|  |TAMS 0x0000000709600000, 0x0000000709600000| Untracked 
|  42|0x0000000709800000, 0x0000000709800000, 0x0000000709a00000|  0%| F|  |TAMS 0x0000000709800000, 0x0000000709800000| Untracked 
|  43|0x0000000709a00000, 0x0000000709a00000, 0x0000000709c00000|  0%| F|  |TAMS 0x0000000709a00000, 0x0000000709a00000| Untracked 
|  44|0x0000000709c00000, 0x0000000709c00000, 0x0000000709e00000|  0%| F|  |TAMS 0x0000000709c00000, 0x0000000709c00000| Untracked 
|  45|0x0000000709e00000, 0x0000000709e00000, 0x000000070a000000|  0%| F|  |TAMS 0x0000000709e00000, 0x0000000709e00000| Untracked 
|  46|0x000000070a000000, 0x000000070a000000, 0x000000070a200000|  0%| F|  |TAMS 0x000000070a000000, 0x000000070a000000| Untracked 
|  47|0x000000070a200000, 0x000000070a200000, 0x000000070a400000|  0%| F|  |TAMS 0x000000070a200000, 0x000000070a200000| Untracked 
|  48|0x000000070a400000, 0x000000070a400000, 0x000000070a600000|  0%| F|  |TAMS 0x000000070a400000, 0x000000070a400000| Untracked 
|  49|0x000000070a600000, 0x000000070a600000, 0x000000070a800000|  0%| F|  |TAMS 0x000000070a600000, 0x000000070a600000| Untracked 
|  50|0x000000070a800000, 0x000000070a800000, 0x000000070aa00000|  0%| F|  |TAMS 0x000000070a800000, 0x000000070a800000| Untracked 
|  51|0x000000070aa00000, 0x000000070aa00000, 0x000000070ac00000|  0%| F|  |TAMS 0x000000070aa00000, 0x000000070aa00000| Untracked 
|  52|0x000000070ac00000, 0x000000070ac00000, 0x000000070ae00000|  0%| F|  |TAMS 0x000000070ac00000, 0x000000070ac00000| Untracked 
|  53|0x000000070ae00000, 0x000000070ae00000, 0x000000070b000000|  0%| F|  |TAMS 0x000000070ae00000, 0x000000070ae00000| Untracked 
|  54|0x000000070b000000, 0x000000070b000000, 0x000000070b200000|  0%| F|  |TAMS 0x000000070b000000, 0x000000070b000000| Untracked 
|  55|0x000000070b200000, 0x000000070b200000, 0x000000070b400000|  0%| F|  |TAMS 0x000000070b200000, 0x000000070b200000| Untracked 
|  56|0x000000070b400000, 0x000000070b400000, 0x000000070b600000|  0%| F|  |TAMS 0x000000070b400000, 0x000000070b400000| Untracked 
|  57|0x000000070b600000, 0x000000070b600000, 0x000000070b800000|  0%| F|  |TAMS 0x000000070b600000, 0x000000070b600000| Untracked 
|  58|0x000000070b800000, 0x000000070b800000, 0x000000070ba00000|  0%| F|  |TAMS 0x000000070b800000, 0x000000070b800000| Untracked 
|  59|0x000000070ba00000, 0x000000070ba00000, 0x000000070bc00000|  0%| F|  |TAMS 0x000000070ba00000, 0x000000070ba00000| Untracked 
|  60|0x000000070bc00000, 0x000000070bc00000, 0x000000070be00000|  0%| F|  |TAMS 0x000000070bc00000, 0x000000070bc00000| Untracked 
|  61|0x000000070be00000, 0x000000070be00000, 0x000000070c000000|  0%| F|  |TAMS 0x000000070be00000, 0x000000070be00000| Untracked 
|  62|0x000000070c000000, 0x000000070c000000, 0x000000070c200000|  0%| F|  |TAMS 0x000000070c000000, 0x000000070c000000| Untracked 
|  63|0x000000070c200000, 0x000000070c200000, 0x000000070c400000|  0%| F|  |TAMS 0x000000070c200000, 0x000000070c200000| Untracked 
|  64|0x000000070c400000, 0x000000070c400000, 0x000000070c600000|  0%| F|  |TAMS 0x000000070c400000, 0x000000070c400000| Untracked 
|  65|0x000000070c600000, 0x000000070c600000, 0x000000070c800000|  0%| F|  |TAMS 0x000000070c600000, 0x000000070c600000| Untracked 
|  66|0x000000070c800000, 0x000000070c800000, 0x000000070ca00000|  0%| F|  |TAMS 0x000000070c800000, 0x000000070c800000| Untracked 
|  67|0x000000070ca00000, 0x000000070ca00000, 0x000000070cc00000|  0%| F|  |TAMS 0x000000070ca00000, 0x000000070ca00000| Untracked 
|  68|0x000000070cc00000, 0x000000070cc00000, 0x000000070ce00000|  0%| F|  |TAMS 0x000000070cc00000, 0x000000070cc00000| Untracked 
|  69|0x000000070ce00000, 0x000000070ce00000, 0x000000070d000000|  0%| F|  |TAMS 0x000000070ce00000, 0x000000070ce00000| Untracked 
|  70|0x000000070d000000, 0x000000070d000000, 0x000000070d200000|  0%| F|  |TAMS 0x000000070d000000, 0x000000070d000000| Untracked 
|  71|0x000000070d200000, 0x000000070d200000, 0x000000070d400000|  0%| F|  |TAMS 0x000000070d200000, 0x000000070d200000| Untracked 
|  72|0x000000070d400000, 0x000000070d400000, 0x000000070d600000|  0%| F|  |TAMS 0x000000070d400000, 0x000000070d400000| Untracked 
|  73|0x000000070d600000, 0x000000070d600000, 0x000000070d800000|  0%| F|  |TAMS 0x000000070d600000, 0x000000070d600000| Untracked 
|  74|0x000000070d800000, 0x000000070d800000, 0x000000070da00000|  0%| F|  |TAMS 0x000000070d800000, 0x000000070d800000| Untracked 
|  75|0x000000070da00000, 0x000000070da00000, 0x000000070dc00000|  0%| F|  |TAMS 0x000000070da00000, 0x000000070da00000| Untracked 
|  76|0x000000070dc00000, 0x000000070dc00000, 0x000000070de00000|  0%| F|  |TAMS 0x000000070dc00000, 0x000000070dc00000| Untracked 
|  77|0x000000070de00000, 0x000000070de00000, 0x000000070e000000|  0%| F|  |TAMS 0x000000070de00000, 0x000000070de00000| Untracked 
|  78|0x000000070e000000, 0x000000070e000000, 0x000000070e200000|  0%| F|  |TAMS 0x000000070e000000, 0x000000070e000000| Untracked 
|  79|0x000000070e200000, 0x000000070e200000, 0x000000070e400000|  0%| F|  |TAMS 0x000000070e200000, 0x000000070e200000| Untracked 
|  80|0x000000070e400000, 0x000000070e400000, 0x000000070e600000|  0%| F|  |TAMS 0x000000070e400000, 0x000000070e400000| Untracked 
|  81|0x000000070e600000, 0x000000070e600000, 0x000000070e800000|  0%| F|  |TAMS 0x000000070e600000, 0x000000070e600000| Untracked 
|  82|0x000000070e800000, 0x000000070e800000, 0x000000070ea00000|  0%| F|  |TAMS 0x000000070e800000, 0x000000070e800000| Untracked 
|  83|0x000000070ea00000, 0x000000070ea00000, 0x000000070ec00000|  0%| F|  |TAMS 0x000000070ea00000, 0x000000070ea00000| Untracked 
|  84|0x000000070ec00000, 0x000000070ec00000, 0x000000070ee00000|  0%| F|  |TAMS 0x000000070ec00000, 0x000000070ec00000| Untracked 
|  85|0x000000070ee00000, 0x000000070ee00000, 0x000000070f000000|  0%| F|  |TAMS 0x000000070ee00000, 0x000000070ee00000| Untracked 
|  86|0x000000070f000000, 0x000000070f000000, 0x000000070f200000|  0%| F|  |TAMS 0x000000070f000000, 0x000000070f000000| Untracked 
|  87|0x000000070f200000, 0x000000070f200000, 0x000000070f400000|  0%| F|  |TAMS 0x000000070f200000, 0x000000070f200000| Untracked 
|  88|0x000000070f400000, 0x000000070f400000, 0x000000070f600000|  0%| F|  |TAMS 0x000000070f400000, 0x000000070f400000| Untracked 
|  89|0x000000070f600000, 0x000000070f600000, 0x000000070f800000|  0%| F|  |TAMS 0x000000070f600000, 0x000000070f600000| Untracked 
|  90|0x000000070f800000, 0x000000070f800000, 0x000000070fa00000|  0%| F|  |TAMS 0x000000070f800000, 0x000000070f800000| Untracked 
|  91|0x000000070fa00000, 0x000000070fa00000, 0x000000070fc00000|  0%| F|  |TAMS 0x000000070fa00000, 0x000000070fa00000| Untracked 
|  92|0x000000070fc00000, 0x000000070fc00000, 0x000000070fe00000|  0%| F|  |TAMS 0x000000070fc00000, 0x000000070fc00000| Untracked 
|  93|0x000000070fe00000, 0x000000070fe00000, 0x0000000710000000|  0%| F|  |TAMS 0x000000070fe00000, 0x000000070fe00000| Untracked 
|  94|0x0000000710000000, 0x0000000710000000, 0x0000000710200000|  0%| F|  |TAMS 0x0000000710000000, 0x0000000710000000| Untracked 
|  95|0x0000000710200000, 0x0000000710200000, 0x0000000710400000|  0%| F|  |TAMS 0x0000000710200000, 0x0000000710200000| Untracked 
|  96|0x0000000710400000, 0x0000000710400000, 0x0000000710600000|  0%| F|  |TAMS 0x0000000710400000, 0x0000000710400000| Untracked 
|  97|0x0000000710600000, 0x0000000710600000, 0x0000000710800000|  0%| F|  |TAMS 0x0000000710600000, 0x0000000710600000| Untracked 
|  98|0x0000000710800000, 0x0000000710800000, 0x0000000710a00000|  0%| F|  |TAMS 0x0000000710800000, 0x0000000710800000| Untracked 
|  99|0x0000000710a00000, 0x0000000710a00000, 0x0000000710c00000|  0%| F|  |TAMS 0x0000000710a00000, 0x0000000710a00000| Untracked 
| 100|0x0000000710c00000, 0x0000000710c00000, 0x0000000710e00000|  0%| F|  |TAMS 0x0000000710c00000, 0x0000000710c00000| Untracked 
| 101|0x0000000710e00000, 0x0000000710e00000, 0x0000000711000000|  0%| F|  |TAMS 0x0000000710e00000, 0x0000000710e00000| Untracked 
| 102|0x0000000711000000, 0x0000000711000000, 0x0000000711200000|  0%| F|  |TAMS 0x0000000711000000, 0x0000000711000000| Untracked 
| 103|0x0000000711200000, 0x0000000711200000, 0x0000000711400000|  0%| F|  |TAMS 0x0000000711200000, 0x0000000711200000| Untracked 
| 104|0x0000000711400000, 0x0000000711400000, 0x0000000711600000|  0%| F|  |TAMS 0x0000000711400000, 0x0000000711400000| Untracked 
| 105|0x0000000711600000, 0x0000000711600000, 0x0000000711800000|  0%| F|  |TAMS 0x0000000711600000, 0x0000000711600000| Untracked 
| 106|0x0000000711800000, 0x0000000711800000, 0x0000000711a00000|  0%| F|  |TAMS 0x0000000711800000, 0x0000000711800000| Untracked 
| 107|0x0000000711a00000, 0x0000000711a00000, 0x0000000711c00000|  0%| F|  |TAMS 0x0000000711a00000, 0x0000000711a00000| Untracked 
| 108|0x0000000711c00000, 0x0000000711c00000, 0x0000000711e00000|  0%| F|  |TAMS 0x0000000711c00000, 0x0000000711c00000| Untracked 
| 109|0x0000000711e00000, 0x0000000711e00000, 0x0000000712000000|  0%| F|  |TAMS 0x0000000711e00000, 0x0000000711e00000| Untracked 
| 110|0x0000000712000000, 0x0000000712000000, 0x0000000712200000|  0%| F|  |TAMS 0x0000000712000000, 0x0000000712000000| Untracked 
| 111|0x0000000712200000, 0x0000000712200000, 0x0000000712400000|  0%| F|  |TAMS 0x0000000712200000, 0x0000000712200000| Untracked 
| 112|0x0000000712400000, 0x0000000712400000, 0x0000000712600000|  0%| F|  |TAMS 0x0000000712400000, 0x0000000712400000| Untracked 
| 113|0x0000000712600000, 0x0000000712600000, 0x0000000712800000|  0%| F|  |TAMS 0x0000000712600000, 0x0000000712600000| Untracked 
| 114|0x0000000712800000, 0x0000000712800000, 0x0000000712a00000|  0%| F|  |TAMS 0x0000000712800000, 0x0000000712800000| Untracked 
| 115|0x0000000712a00000, 0x0000000712a00000, 0x0000000712c00000|  0%| F|  |TAMS 0x0000000712a00000, 0x0000000712a00000| Untracked 
| 116|0x0000000712c00000, 0x0000000712c00000, 0x0000000712e00000|  0%| F|  |TAMS 0x0000000712c00000, 0x0000000712c00000| Untracked 
| 117|0x0000000712e00000, 0x0000000712e00000, 0x0000000713000000|  0%| F|  |TAMS 0x0000000712e00000, 0x0000000712e00000| Untracked 
| 118|0x0000000713000000, 0x0000000713000000, 0x0000000713200000|  0%| F|  |TAMS 0x0000000713000000, 0x0000000713000000| Untracked 
| 119|0x0000000713200000, 0x0000000713200000, 0x0000000713400000|  0%| F|  |TAMS 0x0000000713200000, 0x0000000713200000| Untracked 
| 120|0x0000000713400000, 0x0000000713400000, 0x0000000713600000|  0%| F|  |TAMS 0x0000000713400000, 0x0000000713400000| Untracked 
| 121|0x0000000713600000, 0x0000000713600000, 0x0000000713800000|  0%| F|  |TAMS 0x0000000713600000, 0x0000000713600000| Untracked 
| 122|0x0000000713800000, 0x0000000713800000, 0x0000000713a00000|  0%| F|  |TAMS 0x0000000713800000, 0x0000000713800000| Untracked 
| 123|0x0000000713a00000, 0x0000000713a00000, 0x0000000713c00000|  0%| F|  |TAMS 0x0000000713a00000, 0x0000000713a00000| Untracked 
| 124|0x0000000713c00000, 0x0000000713c00000, 0x0000000713e00000|  0%| F|  |TAMS 0x0000000713c00000, 0x0000000713c00000| Untracked 
| 125|0x0000000713e00000, 0x0000000713fc2a50, 0x0000000714000000| 88%| E|  |TAMS 0x0000000713e00000, 0x0000000713e00000| Complete 

Card table byte_map: [0x0000020cafa00000,0x0000020cb01e0000] _byte_map_base: 0x0000020cac1de000

Marking Bits (Prev, Next): (CMBitMap*) 0x0000020c9c8d7060, (CMBitMap*) 0x0000020c9c8d70a0
 Prev Bits: [0x0000020cb09c0000, 0x0000020cb48b0000)
 Next Bits: [0x0000020cb48b0000, 0x0000020cb87a0000)

Polling page: 0x0000020c9bfe0000

Metaspace:

Usage:
  Non-class:      3.37 MB used.
      Class:    302.37 KB used.
       Both:      3.67 MB used.

Virtual space:
  Non-class space:       64.00 MB reserved,       3.38 MB (  5%) committed,  1 nodes.
      Class space:        1.00 GB reserved,     320.00 KB ( <1%) committed,  1 nodes.
             Both:        1.06 GB reserved,       3.69 MB ( <1%) committed. 

Chunk freelists:
   Non-Class:  12.00 MB
       Class:  15.62 MB
        Both:  27.62 MB

MaxMetaspaceSize: unlimited
CompressedClassSpaceSize: 1.00 GB
Initial GC threshold: 21.00 MB
Current GC threshold: 21.00 MB
CDS: off
MetaspaceReclaimPolicy: balanced
 - commit_granule_bytes: 65536.
 - commit_granule_words: 8192.
 - virtual_space_node_default_size: 8388608.
 - enlarge_chunks_in_place: 1.
 - new_chunks_are_fully_committed: 0.
 - uncommit_free_chunks: 1.
 - use_allocation_guard: 0.
 - handle_deallocations: 1.


Internal statistics:

num_allocs_failed_limit: 0.
num_arena_births: 2.
num_arena_deaths: 0.
num_vsnodes_births: 2.
num_vsnodes_deaths: 0.
num_space_committed: 59.
num_space_uncommitted: 0.
num_chunks_returned_to_freelist: 0.
num_chunks_taken_from_freelist: 4.
num_chunk_merges: 0.
num_chunk_splits: 2.
num_chunks_enlarged: 0.
num_inconsistent_stats: 0.

CodeHeap 'non-profiled nmethods': size=120000Kb used=16Kb max_used=16Kb free=119983Kb
 bounds [0x0000020ca79c0000, 0x0000020ca7c30000, 0x0000020caeef0000]
CodeHeap 'profiled nmethods': size=120000Kb used=103Kb max_used=103Kb free=119896Kb
 bounds [0x0000020c9fef0000, 0x0000020ca0160000, 0x0000020ca7420000]
CodeHeap 'non-nmethods': size=5760Kb used=1045Kb max_used=1059Kb free=4714Kb
 bounds [0x0000020ca7420000, 0x0000020ca7690000, 0x0000020ca79c0000]
 total_blobs=370 nmethods=82 adapters=201
 compilation: enabled
              stopped_count=0, restarted_count=0
 full_count=0

Compilation events (20 events):
Event: 0.185 Thread 0x0000020cbb334ef0   73       3       java.util.ImmutableCollections$Set12::iterator (9 bytes)
Event: 0.185 Thread 0x0000020cbb334ef0 nmethod 73 0x0000020c9ff07310 code [0x0000020c9ff074c0, 0x0000020c9ff077b8]
Event: 0.185 Thread 0x0000020cbb334ef0   74       3       java.util.ImmutableCollections$Set12$1::<init> (32 bytes)
Event: 0.185 Thread 0x0000020cbb334ef0 nmethod 74 0x0000020c9ff07890 code [0x0000020c9ff07a40, 0x0000020c9ff07c78]
Event: 0.185 Thread 0x0000020cbb334ef0   75       1       java.util.ImmutableCollections$Set12::isEmpty (2 bytes)
Event: 0.185 Thread 0x0000020cbb334ef0 nmethod 75 0x0000020ca79c3810 code [0x0000020ca79c39a0, 0x0000020ca79c3a78]
Event: 0.188 Thread 0x0000020cbb334ef0   76       3       java.lang.AbstractStringBuilder::isLatin1 (19 bytes)
Event: 0.188 Thread 0x0000020cbb334ef0 nmethod 76 0x0000020c9ff07d90 code [0x0000020c9ff07f20, 0x0000020c9ff08098]
Event: 0.189 Thread 0x0000020cbb334ef0   77       3       java.lang.StringUTF16::getChar (60 bytes)
Event: 0.189 Thread 0x0000020cbb334ef0 nmethod 77 0x0000020c9ff08110 code [0x0000020c9ff082a0, 0x0000020c9ff08418]
Event: 0.189 Thread 0x0000020cbb334ef0   78       3       java.lang.StringLatin1::lastIndexOf (40 bytes)
Event: 0.189 Thread 0x0000020cbb334ef0 nmethod 78 0x0000020c9ff08510 code [0x0000020c9ff086e0, 0x0000020c9ff08ad8]
Event: 0.191 Thread 0x0000020cbb3345e0   80       4       java.lang.StringLatin1::charAt (28 bytes)
Event: 0.191 Thread 0x0000020cbb334ef0   79       3       java.lang.String::charAt (25 bytes)
Event: 0.191 Thread 0x0000020cbb334ef0 nmethod 79 0x0000020c9ff08c10 code [0x0000020c9ff08e00, 0x0000020c9ff09338]
Event: 0.191 Thread 0x0000020cbb3345e0 nmethod 80 0x0000020ca79c3b10 code [0x0000020ca79c3c80, 0x0000020ca79c3d18]
Event: 0.191 Thread 0x0000020cbb3345e0   81       4       java.lang.StringLatin1::hashCode (42 bytes)
Event: 0.191 Thread 0x0000020cbb334ef0   82       3       java.lang.StringLatin1::indexOf (121 bytes)
Event: 0.192 Thread 0x0000020cbb334ef0 nmethod 82 0x0000020c9ff09590 code [0x0000020c9ff09760, 0x0000020c9ff09c58]
Event: 0.193 Thread 0x0000020cbb3345e0 nmethod 81 0x0000020ca79c3e10 code [0x0000020ca79c3f80, 0x0000020ca79c40f8]

GC Heap History (0 events):
No events

Dll operation events (1 events):
Event: 0.028 Loaded shared library C:\Users\fabiano.girardi.ext\.p2\pool\plugins\org.eclipse.justj.openjdk.hotspot.jre.full.win32.x86_64_17.0.9.v20231028-0858\jre\bin\java.dll

Deoptimization events (4 events):
Event: 0.189 Thread 0x0000020c9c88c9a0 Uncommon trap: trap_request=0xffffff45 fr.pc=0x0000020ca79c0ef8 relative=0x0000000000000078
Event: 0.189 Thread 0x0000020c9c88c9a0 Uncommon trap: reason=unstable_if action=reinterpret pc=0x0000020ca79c0ef8 method=java.lang.String.isLatin1()Z @ 10 c2
Event: 0.189 Thread 0x0000020c9c88c9a0 DEOPT PACKING pc=0x0000020ca79c0ef8 sp=0x000000b8f56fefa0
Event: 0.189 Thread 0x0000020c9c88c9a0 DEOPT UNPACKING pc=0x0000020ca747a1a3 sp=0x000000b8f56feee0 mode 2

Classes unloaded (0 events):
No events

Classes redefined (0 events):
No events

Internal exceptions (0 events):
No events

VM Operations (0 events):
No events

Events (20 events):
Event: 0.194 loading class sun/nio/ByteBuffered done
Event: 0.194 loading class java/io/FileInputStream$1
Event: 0.194 loading class java/io/FileInputStream$1 done
Event: 0.194 loading class java/security/SecureClassLoader$CodeSourceKey
Event: 0.195 loading class java/security/SecureClassLoader$CodeSourceKey done
Event: 0.195 loading class java/security/SecureClassLoader$1
Event: 0.195 loading class java/security/SecureClassLoader$1 done
Event: 0.195 loading class sun/security/util/LazyCodeSourcePermissionCollection
Event: 0.195 loading class java/security/PermissionCollection
Event: 0.195 loading class java/security/PermissionCollection done
Event: 0.195 loading class sun/security/util/LazyCodeSourcePermissionCollection done
Event: 0.195 loading class java/security/Permissions
Event: 0.195 loading class java/security/Permissions done
Event: 0.195 loading class java/lang/RuntimePermission
Event: 0.195 loading class java/lang/RuntimePermission done
Event: 0.195 loading class java/security/BasicPermissionCollection
Event: 0.195 loading class java/security/BasicPermissionCollection done
Event: 0.195 loading class java/security/AllPermission
Event: 0.195 loading class java/security/AllPermission done
Event: 0.195 loading class java/security/UnresolvedPermission


Dynamic libraries:
0x00007ff623550000 - 0x00007ff62355e000 	C:\Users\fabiano.girardi.ext\.p2\pool\plugins\org.eclipse.justj.openjdk.hotspot.jre.full.win32.x86_64_17.0.9.v20231028-0858\jre\bin\javaw.exe
0x00007ffdf05f0000 - 0x00007ffdf07e8000 	C:\Windows\SYSTEM32\ntdll.dll
0x00007ffdee990000 - 0x00007ffdeea4d000 	C:\Windows\System32\KERNEL32.DLL
0x00007ffdee0d0000 - 0x00007ffdee3c6000 	C:\Windows\System32\KERNELBASE.dll
0x00007ffdedfd0000 - 0x00007ffdee0d0000 	C:\Windows\System32\ucrtbase.dll
0x00007ffdcb0e0000 - 0x00007ffdcb0f7000 	C:\Users\fabiano.girardi.ext\.p2\pool\plugins\org.eclipse.justj.openjdk.hotspot.jre.full.win32.x86_64_17.0.9.v20231028-0858\jre\bin\jli.dll
0x00007ffdefa30000 - 0x00007ffdefbce000 	C:\Windows\System32\USER32.dll
0x00007ffdee3d0000 - 0x00007ffdee3f2000 	C:\Windows\System32\win32u.dll
0x00007ffdef370000 - 0x00007ffdef39c000 	C:\Windows\System32\GDI32.dll
0x00007ffdede40000 - 0x00007ffdedf5a000 	C:\Windows\System32\gdi32full.dll
0x00007ffdee400000 - 0x00007ffdee49d000 	C:\Windows\System32\msvcp_win.dll
0x00007ffdcecd0000 - 0x00007ffdcef6a000 	C:\Windows\WinSxS\amd64_microsoft.windows.common-controls_6595b64144ccf1df_6.0.19041.3636_none_60b6a03d71f818d5\COMCTL32.dll
0x00007ffdefc40000 - 0x00007ffdefcde000 	C:\Windows\System32\msvcrt.dll
0x00007ffdb7000000 - 0x00007ffdb701b000 	C:\Users\fabiano.girardi.ext\.p2\pool\plugins\org.eclipse.justj.openjdk.hotspot.jre.full.win32.x86_64_17.0.9.v20231028-0858\jre\bin\VCRUNTIME140.dll
0x00007ffdefa00000 - 0x00007ffdefa30000 	C:\Windows\System32\IMM32.DLL
0x00007ffd92850000 - 0x00007ffd92901000 	C:\Program Files\McAfee\Endpoint Security\Threat Prevention\Ips\EpMPApi.dll
0x00007ffdef870000 - 0x00007ffdef996000 	C:\Windows\System32\RPCRT4.dll
0x00007ffdf0500000 - 0x00007ffdf05af000 	C:\Windows\System32\ADVAPI32.dll
0x00007ffdee8f0000 - 0x00007ffdee98c000 	C:\Windows\System32\sechost.dll
0x00007ffdedf60000 - 0x00007ffdedfc7000 	C:\Windows\System32\WINTRUST.dll
0x00007ffdee4f0000 - 0x00007ffdee64d000 	C:\Windows\System32\CRYPT32.dll
0x00007ffded8a0000 - 0x00007ffded8b2000 	C:\Windows\SYSTEM32\MSASN1.dll
0x0000000063790000 - 0x000000006379c000 	C:\Program Files\McAfee\Endpoint Security\Threat Prevention\Ips\EpMPThe.dll
0x00007ffdaa460000 - 0x00007ffdaa517000 	C:\Program Files\Common Files\McAfee\SystemCore\mfehcinj.dll
0x00007ffdda890000 - 0x00007ffdda89f000 	C:\Program Files\Common Files\McAfee\SystemCore\mfehcthe.dll
0x00007ffdaa3e0000 - 0x00007ffdaa45f000 	C:\Program Files\McAfee\MAR\mvcairo_x64.dll
0x00007ffdf03d0000 - 0x00007ffdf04fb000 	C:\Windows\System32\ole32.dll
0x00007ffdef510000 - 0x00007ffdef864000 	C:\Windows\System32\combase.dll
0x00007ffdf0300000 - 0x00007ffdf03cd000 	C:\Windows\System32\OLEAUT32.dll
0x00007ffdbc2f0000 - 0x00007ffdbc2fc000 	C:\Users\fabiano.girardi.ext\.p2\pool\plugins\org.eclipse.justj.openjdk.hotspot.jre.full.win32.x86_64_17.0.9.v20231028-0858\jre\bin\vcruntime140_1.dll
0x00007ffdaa040000 - 0x00007ffdaa0cd000 	C:\Users\fabiano.girardi.ext\.p2\pool\plugins\org.eclipse.justj.openjdk.hotspot.jre.full.win32.x86_64_17.0.9.v20231028-0858\jre\bin\msvcp140.dll
0x00007ffd4de30000 - 0x00007ffd4ea91000 	C:\Users\fabiano.girardi.ext\.p2\pool\plugins\org.eclipse.justj.openjdk.hotspot.jre.full.win32.x86_64_17.0.9.v20231028-0858\jre\bin\server\jvm.dll
0x00007ffded240000 - 0x00007ffded28b000 	C:\Windows\SYSTEM32\POWRPROF.dll
0x00007ffdc5020000 - 0x00007ffdc5029000 	C:\Windows\SYSTEM32\WSOCK32.dll
0x00007ffdef3a0000 - 0x00007ffdef40b000 	C:\Windows\System32\WS2_32.dll
0x00007ffdec0a0000 - 0x00007ffdec0c7000 	C:\Windows\SYSTEM32\WINMM.dll
0x00007ffde21b0000 - 0x00007ffde21ba000 	C:\Windows\SYSTEM32\VERSION.dll
0x00007ffded0b0000 - 0x00007ffded0c2000 	C:\Windows\SYSTEM32\UMPDC.dll
0x00007ffdec310000 - 0x00007ffdec322000 	C:\Windows\SYSTEM32\kernel.appcore.dll
0x00007ffde3410000 - 0x00007ffde341a000 	C:\Users\fabiano.girardi.ext\.p2\pool\plugins\org.eclipse.justj.openjdk.hotspot.jre.full.win32.x86_64_17.0.9.v20231028-0858\jre\bin\jimage.dll
0x00007ffdebe70000 - 0x00007ffdec054000 	C:\Windows\SYSTEM32\DBGHELP.DLL
0x00007ffdec060000 - 0x00007ffdec094000 	C:\Windows\SYSTEM32\dbgcore.DLL
0x00007ffdedcd0000 - 0x00007ffdedd52000 	C:\Windows\System32\bcryptPrimitives.dll
0x00007ffdbc250000 - 0x00007ffdbc275000 	C:\Users\fabiano.girardi.ext\.p2\pool\plugins\org.eclipse.justj.openjdk.hotspot.jre.full.win32.x86_64_17.0.9.v20231028-0858\jre\bin\java.dll
0x00007ffdc20f0000 - 0x00007ffdc2108000 	C:\Users\fabiano.girardi.ext\.p2\pool\plugins\org.eclipse.justj.openjdk.hotspot.jre.full.win32.x86_64_17.0.9.v20231028-0858\jre\bin\zip.dll
0x0000020cbb740000 - 0x0000020cbbe84000 	C:\Windows\System32\SHELL32.dll
0x00007ffdeb600000 - 0x00007ffdebd9b000 	C:\Windows\SYSTEM32\windows.storage.dll
0x00007ffded630000 - 0x00007ffded65d000 	C:\Windows\SYSTEM32\Wldp.dll
0x00007ffdee650000 - 0x00007ffdee6fd000 	C:\Windows\System32\SHCORE.dll
0x00007ffdee780000 - 0x00007ffdee7d5000 	C:\Windows\System32\shlwapi.dll
0x00007ffdedc00000 - 0x00007ffdedc25000 	C:\Windows\SYSTEM32\profapi.dll

dbghelp: loaded successfully - version: 4.0.5 - missing functions: none
symbol engine: initialized successfully - sym options: 0x614 - pdb path: .;C:\Users\fabiano.girardi.ext\.p2\pool\plugins\org.eclipse.justj.openjdk.hotspot.jre.full.win32.x86_64_17.0.9.v20231028-0858\jre\bin;C:\Windows\SYSTEM32;C:\Windows\WinSxS\amd64_microsoft.windows.common-controls_6595b64144ccf1df_6.0.19041.3636_none_60b6a03d71f818d5;C:\Program Files\McAfee\Endpoint Security\Threat Prevention\Ips;C:\Program Files\Common Files\McAfee\SystemCore;C:\Program Files\McAfee\MAR;C:\Users\fabiano.girardi.ext\.p2\pool\plugins\org.eclipse.justj.openjdk.hotspot.jre.full.win32.x86_64_17.0.9.v20231028-0858\jre\bin\server

VM Arguments:
jvm_args: -Dfile.encoding=UTF-8 -Dstdout.encoding=UTF-8 -Dstderr.encoding=UTF-8 -XX:+ShowCodeDetailsInExceptionMessages 
java_command: com.pitange.usuariodecarros.UsuariodecarrosApplication
java_class_path (initial): C:\private\Pitang\PitangDesafio\backEnd\usuariodecarros\target\classes;C:\Users\fabiano.girardi.ext\.m2\repository\org\springframework\boot\spring-boot-starter-data-jpa\3.2.5\spring-boot-starter-data-jpa-3.2.5.jar;C:\Users\fabiano.girardi.ext\.m2\repository\org\springframework\boot\spring-boot-starter-aop\3.2.5\spring-boot-starter-aop-3.2.5.jar;C:\Users\fabiano.girardi.ext\.m2\repository\org\aspectj\aspectjweaver\1.9.22\aspectjweaver-1.9.22.jar;C:\Users\fabiano.girardi.ext\.m2\repository\org\springframework\boot\spring-boot-starter-jdbc\3.2.5\spring-boot-starter-jdbc-3.2.5.jar;C:\Users\fabiano.girardi.ext\.m2\repository\com\zaxxer\HikariCP\5.0.1\HikariCP-5.0.1.jar;C:\Users\fabiano.girardi.ext\.m2\repository\org\springframework\spring-jdbc\6.1.6\spring-jdbc-6.1.6.jar;C:\Users\fabiano.girardi.ext\.m2\repository\org\hibernate\orm\hibernate-core\6.4.4.Final\hibernate-core-6.4.4.Final.jar;C:\Users\fabiano.girardi.ext\.m2\repository\jakarta\persistence\jakarta.persistence-api\3.1.0\jakarta.persistence-api-3.1.0.jar;C:\Users\fabiano.girardi.ext\.m2\repository\jakarta\transaction\jakarta.transaction-api\2.0.1\jakarta.transaction-api-2.0.1.jar;C:\Users\fabiano.girardi.ext\.m2\repository\org\hibernate\common\hibernate-commons-annotations\6.0.6.Final\hibernate-commons-annotations-6.0.6.Final.jar;C:\Users\fabiano.girardi.ext\.m2\repository\io\smallrye\jandex\3.1.2\jandex-3.1.2.jar;C:\Users\fabiano.girardi.ext\.m2\repository\net\bytebuddy\byte-buddy\1.14.13\byte-buddy-1.14.13.jar;C:\Users\fabiano.girardi.ext\.m2\repository\jakarta\inject\jakarta.inject-api\2.0.1\jakarta.inject-api-2.0.1.jar;C:\Users\fabiano.girardi.ext\.m2\repository\org\antlr\antlr4-runtime\4.13.0\antlr4-runtime-4.13.0.jar;C:\Users\fabiano.girardi.ext\.m2\repository\org\springframework\data\spring-data-jpa\3.2.5\spring-data-jpa-3.2.5.jar;C:\Users\fabiano.girardi.ext\.m2\repository\org\springframework\data\spring-data-commons\3.2.5\spring-data-commons-3.2.5.jar;C:\Users\fabiano.girar
Launcher Type: SUN_STANDARD

[Global flags]
     intx CICompilerCount                          = 4                                         {product} {ergonomic}
     uint ConcGCThreads                            = 2                                         {product} {ergonomic}
     uint G1ConcRefinementThreads                  = 8                                         {product} {ergonomic}
   size_t G1HeapRegionSize                         = 2097152                                   {product} {ergonomic}
    uintx GCDrainStackTargetSize                   = 64                                        {product} {ergonomic}
   size_t InitialHeapSize                          = 264241152                                 {product} {ergonomic}
   size_t MarkStackSize                            = 4194304                                   {product} {ergonomic}
   size_t MaxHeapSize                              = 4223664128                                {product} {ergonomic}
   size_t MaxNewSize                               = 2533359616                                {product} {ergonomic}
   size_t MinHeapDeltaBytes                        = 2097152                                   {product} {ergonomic}
   size_t MinHeapSize                              = 8388608                                   {product} {ergonomic}
    uintx NonNMethodCodeHeapSize                   = 5839372                                {pd product} {ergonomic}
    uintx NonProfiledCodeHeapSize                  = 122909434                              {pd product} {ergonomic}
    uintx ProfiledCodeHeapSize                     = 122909434                              {pd product} {ergonomic}
    uintx ReservedCodeCacheSize                    = 251658240                              {pd product} {ergonomic}
     bool SegmentedCodeCache                       = true                                      {product} {ergonomic}
     bool ShowCodeDetailsInExceptionMessages       = true                                   {manageable} {command line}
   size_t SoftMaxHeapSize                          = 4223664128                             {manageable} {ergonomic}
     bool UseCompressedClassPointers               = true                           {product lp64_product} {ergonomic}
     bool UseCompressedOops                        = true                           {product lp64_product} {ergonomic}
     bool UseG1GC                                  = true                                      {product} {ergonomic}
     bool UseLargePagesIndividualAllocation        = false                                  {pd product} {ergonomic}

Logging:
Log output configuration:
 #0: stdout all=warning uptime,level,tags
 #1: stderr all=off uptime,level,tags

Environment Variables:
JAVA_HOME=C:\Program Files\Java\jdk1.8.0_202
PATH=C:/Users/fabiano.girardi.ext/.p2/pool/plugins/org.eclipse.justj.openjdk.hotspot.jre.full.win32.x86_64_17.0.9.v20231028-0858/jre/bin/server;C:/Users/fabiano.girardi.ext/.p2/pool/plugins/org.eclipse.justj.openjdk.hotspot.jre.full.win32.x86_64_17.0.9.v20231028-0858/jre/bin;C:\Program Files (x86)\Common Files\Oracle\Java\javapath;C:\Windows\system32;C:\Windows;C:\Windows\System32\Wbem;C:\Windows\System32\WindowsPowerShell\v1.0\;C:\Windows\System32\OpenSSH\;C:\Program Files\dotnet\;C:\Program Files (x86)\NVIDIA Corporation\PhysX\Common;C:\Program Files\nodejs\;C:\Program Files (x86)\Microsoft SQL Server\160\DTS\Binn\;C:\Program Files\Azure Data Studio\bin;C:\Program Files\Git\cmd;C:\Program Files\Microsoft SQL Server\150\Tools\Binn\;C:\Program Files\Microsoft SQL Server\130\Tools\Binn\;C:\Program Files\Perforce\;C:\Users\fabiano.girardi.ext\AppData\Roaming\npm;C:\Program Files\Java\jdk1.8.0_202\bin;C:\Program Files\apache-maven-3.6.0\bin;C:\Program Files\Go\bin;C:\Program Files\Amazon\AWSCLIV2\;C:\Program Files\Microsoft SQL Server\Client SDK\ODBC\170\Tools\Binn\;C:\Users\fabiano.girardi.ext\AppData\Local\Microsoft\WindowsApps;;C:\Users\fabiano.girardi.ext\AppData\Local\Programs\Microsoft VS Code\bin;C:\Users\fabiano.girardi.ext\.dotnet\tools;C:\Users\fabiano.girardi.ext\go\bin;C:\Windows\system32;
USERNAME=fabiano.girardi.ext
OS=Windows_NT
PROCESSOR_IDENTIFIER=Intel64 Family 6 Model 140 Stepping 1, GenuineIntel
TMP=C:\Users\fabiano.girardi.ext\AppData\Local\Temp
TEMP=C:\Users\fabiano.girardi.ext\AppData\Local\Temp



Periodic native trim disabled


---------------  S Y S T E M  ---------------

OS:
 Windows 10 , 64 bit Build 19041 (10.0.19041.3636)
OS uptime: 5 days 0:15 hours
Hyper-V role detected

CPU: total 8 (initial active 8) (4 cores per cpu, 2 threads per core) family 6 model 140 stepping 1 microcode 0xac, cx8, cmov, fxsr, ht, mmx, 3dnowpref, sse, sse2, sse3, ssse3, sse4.1, sse4.2, popcnt, lzcnt, tsc, tscinvbit, avx, avx2, aes, erms, clmul, bmi1, bmi2, adx, avx512f, avx512dq, avx512cd, avx512bw, avx512vl, sha, fma, vzeroupper, avx512_vpopcntdq, avx512_vpclmulqdq, avx512_vaes, avx512_vnni, clflush, clflushopt, clwb, avx512_vbmi2, avx512_vbmi, hv
Processor Information for all 8 processors :
  Max Mhz: 1690, Current Mhz: 1690, Mhz Limit: 1690

Memory: 4k page, system-wide physical 16110M (607M free)
TotalPageFile size 44141M (AvailPageFile size 35M)
current process WorkingSet (physical memory assigned to process): 32M, peak: 32M
current process commit charge ("private bytes"): 333M, peak: 333M

vm_info: OpenJDK 64-Bit Server VM (17.0.9+9) for windows-amd64 JRE (17.0.9+9), built on Oct 26 2023 14:01:42 by "admin" with MS VC++ 16.10 / 16.11 (VS2019)

END.
